<?xml version="1.0" encoding="UTF-8"?>
<!-- Generated by org.testng.reporters.JUnitXMLReporter -->
<testsuite ignored="2" hostname="MALLIKARJUNA-PC" failures="0" tests="7" name="Test" time="95.369" errors="0" timestamp="2022-01-16T12:35:37 IST">
  <testcase classname="xlByte.SuperAdminLoginTest" name="testSuperAdminLogin" time="16.435"/>
  <testcase classname="xlByte.SuperAdminLoginTest" name="clickOnLogout" time="0.094"/>
  <testcase classname="xlByte.AddTenantTest" name="verifyTenantValidation" time="28.155"/>
  <testcase classname="xlByte.AddTenantTest" name="verifyTenant" time="0.415"/>
  <testcase classname="xlByte.AddTenantTest" name="deActivateTenant" time="1.217"/>
  <testcase classname="xlByte.AddTenantTest" name="activateTenant" time="0.303"/>
  <testcase classname="xlByte.MailSettingToTenantTest" name="addMailSetttings" time="24.715"/>
  <testcase classname="resource.Base" name="@BeforeSuite deleteFolder" time="0.0">
    <ignored/>
  </testcase> <!-- @BeforeSuite deleteFolder -->
  <testcase classname="resource.Base" name="@BeforeSuite deleteFolder" time="0.0">
    <ignored/>
  </testcase> <!-- @BeforeSuite deleteFolder -->
</testsuite> <!-- Test -->
