<?xml version="1.0" encoding="UTF-8"?>
<!-- Generated by org.testng.reporters.JUnitXMLReporter -->
<testsuite ignored="2" hostname="MALLIKARJUNA-PC" failures="0" tests="7" name="Test" time="93.412" errors="0" timestamp="2022-02-06T17:03:48 IST">
  <testcase classname="xlByte.SuperAdminLoginTest" name="testSuperAdminLogin" time="16.396"/>
  <testcase classname="xlByte.SuperAdminLoginTest" name="clickOnLogout" time="0.062"/>
  <testcase classname="xlByte.AddTenantTest" name="verifyTenantValidation" time="22.352"/>
  <testcase classname="xlByte.AddTenantTest" name="verifyTenant" time="0.323"/>
  <testcase classname="xlByte.AddTenantTest" name="deActivateTenant" time="0.965"/>
  <testcase classname="xlByte.AddTenantTest" name="activateTenant" time="0.406"/>
  <testcase classname="xlByte.MailSettingToTenantTest" name="addMailSetttings" time="25.389"/>
  <testcase classname="resource.Base" name="@BeforeSuite deleteFolder" time="0.0">
    <ignored/>
  </testcase> <!-- @BeforeSuite deleteFolder -->
  <testcase classname="resource.Base" name="@BeforeSuite deleteFolder" time="0.0">
    <ignored/>
  </testcase> <!-- @BeforeSuite deleteFolder -->
</testsuite> <!-- Test -->
