<?xml version="1.0" encoding="UTF-8"?>
<!-- Generated by org.testng.reporters.JUnitXMLReporter -->
<testsuite ignored="0" hostname="MALLIKARJUNA-PC" failures="0" tests="3" name="Test1" time="29.67" errors="0" timestamp="2022-01-12T17:21:10 IST">
  <testcase classname="xlByte.MailSettingToTenant" name="testSuperAdminLogin" time="11.666"/>
  <testcase classname="xlByte.MailSettingToTenant" name="addMailSetttings" time="7.815"/>
  <testcase classname="xlByte.MailSettingToTenant" name="clickOnLogout" time="0.07"/>
</testsuite> <!-- Test1 -->
