<?xml version="1.0" encoding="UTF-8"?>
<!-- Generated by org.testng.reporters.JUnitXMLReporter -->
<testsuite ignored="2" hostname="MALLIKARJUNA-PC" failures="0" tests="7" name="Test" time="93.351" errors="0" timestamp="2022-01-16T12:32:54 IST">
  <testcase classname="xlByte.SuperAdminLoginTest" name="testSuperAdminLogin" time="16.04"/>
  <testcase classname="xlByte.SuperAdminLoginTest" name="clickOnLogout" time="0.108"/>
  <testcase classname="xlByte.AddTenantTest" name="verifyTenantValidation" time="27.586"/>
  <testcase classname="xlByte.AddTenantTest" name="verifyTenant" time="0.533"/>
  <testcase classname="xlByte.AddTenantTest" name="deActivateTenant" time="1.263"/>
  <testcase classname="xlByte.AddTenantTest" name="activateTenant" time="0.369"/>
  <testcase classname="xlByte.MailSettingToTenantTest" name="addMailSetttings" time="24.11"/>
  <testcase classname="resource.Base" name="@BeforeSuite deleteFolder" time="0.0">
    <ignored/>
  </testcase> <!-- @BeforeSuite deleteFolder -->
  <testcase classname="resource.Base" name="@BeforeSuite deleteFolder" time="0.0">
    <ignored/>
  </testcase> <!-- @BeforeSuite deleteFolder -->
</testsuite> <!-- Test -->
