<?xml version="1.0" encoding="UTF-8"?>
<testng-results ignored="2" total="9" passed="7" failed="0" skipped="0">
  <reporter-output>
  </reporter-output>
  <suite started-at="2022-01-16T12:31:21 IST" name="Suite" finished-at="2022-01-16T12:32:54 IST" duration-ms="93351">
    <groups>
    </groups>
    <test started-at="2022-01-16T12:31:21 IST" name="Test" finished-at="2022-01-16T12:32:54 IST" duration-ms="93351">
      <class name="xlByte.MailSettingToTenantTest">
        <test-method is-config="true" signature="launchDriver()[pri:0, instance:xlByte.MailSettingToTenantTest@5717c37]" started-at="2022-01-16T12:32:22 IST" name="launchDriver" finished-at="2022-01-16T12:32:29 IST" duration-ms="6659" status="PASS">
          <reporter-output>
          </reporter-output>
        </test-method> <!-- launchDriver -->
        <test-method is-config="true" signature="loadProperty()[pri:0, instance:xlByte.MailSettingToTenantTest@5717c37]" started-at="2022-01-16T12:32:29 IST" name="loadProperty" finished-at="2022-01-16T12:32:29 IST" duration-ms="11" status="PASS">
          <reporter-output>
          </reporter-output>
        </test-method> <!-- loadProperty -->
        <test-method signature="addMailSetttings()[pri:0, instance:xlByte.MailSettingToTenantTest@5717c37]" started-at="2022-01-16T12:32:29 IST" name="addMailSetttings" description="Add mail settings" finished-at="2022-01-16T12:32:53 IST" duration-ms="24110" status="PASS">
          <reporter-output>
          </reporter-output>
        </test-method> <!-- addMailSetttings -->
        <test-method is-config="true" signature="logOut()[pri:0, instance:xlByte.MailSettingToTenantTest@5717c37]" started-at="2022-01-16T12:32:53 IST" name="logOut" finished-at="2022-01-16T12:32:54 IST" duration-ms="612" status="PASS">
          <reporter-output>
          </reporter-output>
        </test-method> <!-- logOut -->
      </class> <!-- xlByte.MailSettingToTenantTest -->
      <class name="xlByte.SuperAdminLoginTest">
        <test-method is-config="true" signature="deleteFolder()[pri:0, instance:xlByte.SuperAdminLoginTest@6cb6decd]" started-at="2022-01-16T12:31:21 IST" name="deleteFolder" finished-at="2022-01-16T12:31:21 IST" duration-ms="10" status="PASS">
          <reporter-output>
          </reporter-output>
        </test-method> <!-- deleteFolder -->
        <test-method is-config="true" signature="launchDriver()[pri:0, instance:xlByte.SuperAdminLoginTest@6cb6decd]" started-at="2022-01-16T12:31:21 IST" name="launchDriver" finished-at="2022-01-16T12:31:28 IST" duration-ms="7902" status="PASS">
          <reporter-output>
          </reporter-output>
        </test-method> <!-- launchDriver -->
        <test-method is-config="true" signature="loadProperty()[pri:0, instance:xlByte.SuperAdminLoginTest@6cb6decd]" started-at="2022-01-16T12:31:28 IST" name="loadProperty" finished-at="2022-01-16T12:31:28 IST" duration-ms="9" status="PASS">
          <reporter-output>
          </reporter-output>
        </test-method> <!-- loadProperty -->
        <test-method signature="testSuperAdminLogin()[pri:1, instance:xlByte.SuperAdminLoginTest@6cb6decd]" started-at="2022-01-16T12:31:28 IST" name="testSuperAdminLogin" description="Verify Tenant" finished-at="2022-01-16T12:31:45 IST" duration-ms="16040" status="PASS">
          <reporter-output>
          </reporter-output>
        </test-method> <!-- testSuperAdminLogin -->
        <test-method is-config="true" signature="loadProperty()[pri:0, instance:xlByte.SuperAdminLoginTest@6cb6decd]" started-at="2022-01-16T12:31:45 IST" name="loadProperty" finished-at="2022-01-16T12:31:45 IST" duration-ms="1" status="PASS">
          <reporter-output>
          </reporter-output>
        </test-method> <!-- loadProperty -->
        <test-method signature="clickOnLogout()[pri:2, instance:xlByte.SuperAdminLoginTest@6cb6decd]" started-at="2022-01-16T12:31:45 IST" name="clickOnLogout" description="Log out" finished-at="2022-01-16T12:31:45 IST" duration-ms="108" status="PASS">
          <reporter-output>
          </reporter-output>
        </test-method> <!-- clickOnLogout -->
        <test-method is-config="true" signature="quitDriver()[pri:0, instance:xlByte.SuperAdminLoginTest@6cb6decd]" started-at="2022-01-16T12:31:45 IST" name="quitDriver" finished-at="2022-01-16T12:31:45 IST" duration-ms="243" status="PASS">
          <reporter-output>
          </reporter-output>
        </test-method> <!-- quitDriver -->
      </class> <!-- xlByte.SuperAdminLoginTest -->
      <class name="xlByte.AddTenantTest">
        <test-method is-config="true" signature="launchDriver()[pri:0, instance:xlByte.AddTenantTest@3406472c]" started-at="2022-01-16T12:31:45 IST" name="launchDriver" finished-at="2022-01-16T12:31:52 IST" duration-ms="7523" status="PASS">
          <reporter-output>
          </reporter-output>
        </test-method> <!-- launchDriver -->
        <test-method is-config="true" signature="loadProperty()[pri:0, instance:xlByte.AddTenantTest@3406472c]" started-at="2022-01-16T12:31:52 IST" name="loadProperty" finished-at="2022-01-16T12:31:52 IST" duration-ms="11" status="PASS">
          <reporter-output>
          </reporter-output>
        </test-method> <!-- loadProperty -->
        <test-method signature="verifyTenantValidation()[pri:1, instance:xlByte.AddTenantTest@3406472c]" started-at="2022-01-16T12:31:52 IST" name="verifyTenantValidation" description="verify tenat page field validation" finished-at="2022-01-16T12:32:20 IST" duration-ms="27586" status="PASS">
          <reporter-output>
          </reporter-output>
        </test-method> <!-- verifyTenantValidation -->
        <test-method is-config="true" signature="loadProperty()[pri:0, instance:xlByte.AddTenantTest@3406472c]" started-at="2022-01-16T12:32:20 IST" name="loadProperty" finished-at="2022-01-16T12:32:20 IST" duration-ms="2" status="PASS">
          <reporter-output>
          </reporter-output>
        </test-method> <!-- loadProperty -->
        <test-method signature="verifyTenant()[pri:2, instance:xlByte.AddTenantTest@3406472c]" started-at="2022-01-16T12:32:20 IST" name="verifyTenant" description="Verify Tenant" finished-at="2022-01-16T12:32:21 IST" duration-ms="533" status="PASS">
          <reporter-output>
          </reporter-output>
        </test-method> <!-- verifyTenant -->
        <test-method is-config="true" signature="loadProperty()[pri:0, instance:xlByte.AddTenantTest@3406472c]" started-at="2022-01-16T12:32:21 IST" name="loadProperty" finished-at="2022-01-16T12:32:21 IST" duration-ms="2" status="PASS">
          <reporter-output>
          </reporter-output>
        </test-method> <!-- loadProperty -->
        <test-method signature="deActivateTenant()[pri:3, instance:xlByte.AddTenantTest@3406472c]" started-at="2022-01-16T12:32:21 IST" name="deActivateTenant" description="Deactivate Tenant" finished-at="2022-01-16T12:32:22 IST" duration-ms="1263" status="PASS">
          <reporter-output>
          </reporter-output>
        </test-method> <!-- deActivateTenant -->
        <test-method is-config="true" signature="loadProperty()[pri:0, instance:xlByte.AddTenantTest@3406472c]" started-at="2022-01-16T12:32:22 IST" name="loadProperty" finished-at="2022-01-16T12:32:22 IST" duration-ms="3" status="PASS">
          <reporter-output>
          </reporter-output>
        </test-method> <!-- loadProperty -->
        <test-method signature="activateTenant()[pri:4, instance:xlByte.AddTenantTest@3406472c]" started-at="2022-01-16T12:32:22 IST" name="activateTenant" description="Activate Tenant" finished-at="2022-01-16T12:32:22 IST" duration-ms="369" status="PASS">
          <reporter-output>
          </reporter-output>
        </test-method> <!-- activateTenant -->
        <test-method is-config="true" signature="logOut()[pri:0, instance:xlByte.AddTenantTest@3406472c]" started-at="2022-01-16T12:32:22 IST" name="logOut" finished-at="2022-01-16T12:32:22 IST" duration-ms="299" status="PASS">
          <reporter-output>
          </reporter-output>
        </test-method> <!-- logOut -->
      </class> <!-- xlByte.AddTenantTest -->
    </test> <!-- Test -->
  </suite> <!-- Suite -->
</testng-results>
