<?xml version="1.0" encoding="UTF-8"?>
<testng-results ignored="2" total="9" passed="6" failed="1" skipped="0">
  <reporter-output>
  </reporter-output>
  <suite started-at="2022-02-07T17:02:36 IST" name="Suite" finished-at="2022-02-07T17:03:53 IST" duration-ms="76155">
    <groups>
    </groups>
    <test started-at="2022-02-07T17:02:36 IST" name="Test" finished-at="2022-02-07T17:03:53 IST" duration-ms="76155">
      <class name="xlByte.MailSettingToTenantTest">
        <test-method is-config="true" signature="launchDriver()[pri:0, instance:xlByte.MailSettingToTenantTest@4eaf3684]" started-at="2022-02-07T17:03:22 IST" name="launchDriver" finished-at="2022-02-07T17:03:29 IST" duration-ms="6687" status="PASS">
          <reporter-output>
          </reporter-output>
        </test-method> <!-- launchDriver -->
        <test-method is-config="true" signature="loadProperty()[pri:0, instance:xlByte.MailSettingToTenantTest@4eaf3684]" started-at="2022-02-07T17:03:29 IST" name="loadProperty" finished-at="2022-02-07T17:03:29 IST" duration-ms="4" status="PASS">
          <reporter-output>
          </reporter-output>
        </test-method> <!-- loadProperty -->
        <test-method signature="addMailSetttings()[pri:0, instance:xlByte.MailSettingToTenantTest@4eaf3684]" started-at="2022-02-07T17:03:29 IST" name="addMailSetttings" description="Add mail settings" finished-at="2022-02-07T17:03:52 IST" duration-ms="23381" status="PASS">
          <reporter-output>
          </reporter-output>
        </test-method> <!-- addMailSetttings -->
        <test-method is-config="true" signature="logOut()[pri:0, instance:xlByte.MailSettingToTenantTest@4eaf3684]" started-at="2022-02-07T17:03:52 IST" name="logOut" finished-at="2022-02-07T17:03:53 IST" duration-ms="370" status="PASS">
          <reporter-output>
          </reporter-output>
        </test-method> <!-- logOut -->
      </class> <!-- xlByte.MailSettingToTenantTest -->
      <class name="xlByte.SuperAdminLoginTest">
        <test-method is-config="true" signature="deleteFolder()[pri:0, instance:xlByte.SuperAdminLoginTest@6aa61224]" started-at="2022-02-07T17:02:36 IST" name="deleteFolder" finished-at="2022-02-07T17:02:36 IST" duration-ms="11" status="PASS">
          <reporter-output>
          </reporter-output>
        </test-method> <!-- deleteFolder -->
        <test-method is-config="true" signature="launchDriver()[pri:0, instance:xlByte.SuperAdminLoginTest@6aa61224]" started-at="2022-02-07T17:02:37 IST" name="launchDriver" finished-at="2022-02-07T17:02:44 IST" duration-ms="7492" status="PASS">
          <reporter-output>
          </reporter-output>
        </test-method> <!-- launchDriver -->
        <test-method is-config="true" signature="loadProperty()[pri:0, instance:xlByte.SuperAdminLoginTest@6aa61224]" started-at="2022-02-07T17:02:44 IST" name="loadProperty" finished-at="2022-02-07T17:02:44 IST" duration-ms="9" status="PASS">
          <reporter-output>
          </reporter-output>
        </test-method> <!-- loadProperty -->
        <test-method signature="testSuperAdminLogin()[pri:1, instance:xlByte.SuperAdminLoginTest@6aa61224]" started-at="2022-02-07T17:02:44 IST" name="testSuperAdminLogin" description="Verify Tenant" finished-at="2022-02-07T17:02:56 IST" duration-ms="11445" status="PASS">
          <reporter-output>
          </reporter-output>
        </test-method> <!-- testSuperAdminLogin -->
        <test-method signature="clickOnLogout()[pri:2, instance:xlByte.SuperAdminLoginTest@6aa61224]" started-at="2022-02-07T17:02:56 IST" name="clickOnLogout" description="Log out" finished-at="2022-02-07T17:02:56 IST" duration-ms="54" status="PASS">
          <reporter-output>
          </reporter-output>
        </test-method> <!-- clickOnLogout -->
        <test-method is-config="true" signature="loadProperty()[pri:0, instance:xlByte.SuperAdminLoginTest@6aa61224]" started-at="2022-02-07T17:02:56 IST" name="loadProperty" finished-at="2022-02-07T17:02:56 IST" duration-ms="0" status="PASS">
          <reporter-output>
          </reporter-output>
        </test-method> <!-- loadProperty -->
        <test-method is-config="true" signature="quitDriver()[pri:0, instance:xlByte.SuperAdminLoginTest@6aa61224]" started-at="2022-02-07T17:02:56 IST" name="quitDriver" finished-at="2022-02-07T17:02:56 IST" duration-ms="233" status="PASS">
          <reporter-output>
          </reporter-output>
        </test-method> <!-- quitDriver -->
      </class> <!-- xlByte.SuperAdminLoginTest -->
      <class name="xlByte.AddTenantTest">
        <test-method is-config="true" signature="launchDriver()[pri:0, instance:xlByte.AddTenantTest@4816278d]" started-at="2022-02-07T17:02:56 IST" name="launchDriver" finished-at="2022-02-07T17:03:02 IST" duration-ms="6585" status="PASS">
          <reporter-output>
          </reporter-output>
        </test-method> <!-- launchDriver -->
        <test-method is-config="true" signature="loadProperty()[pri:0, instance:xlByte.AddTenantTest@4816278d]" started-at="2022-02-07T17:03:02 IST" name="loadProperty" finished-at="2022-02-07T17:03:02 IST" duration-ms="45" status="PASS">
          <reporter-output>
          </reporter-output>
        </test-method> <!-- loadProperty -->
        <test-method signature="verifyTenantValidation()[pri:1, instance:xlByte.AddTenantTest@4816278d]" started-at="2022-02-07T17:03:02 IST" name="verifyTenantValidation" description="verify tenat page field validation" finished-at="2022-02-07T17:03:20 IST" duration-ms="17738" status="FAIL">
          <exception class="org.openqa.selenium.ElementClickInterceptedException">
            <message>
              <![CDATA[element click intercepted: Element <span _ngcontent-vxe-c237="">...</span> is not clickable at point (1331, 260). Other element would receive the click: <button _ngcontent-vxe-c237="" mat-button="" mattooltip="Deactivate Requirement" class="mat-focus-indicator mat-button mat-button-base ng-star-inserted" aria-describedby="cdk-describedby-message-3" cdk-describedby-host="">...</button>
  (Session info: chrome=97.0.4692.99)
Build info: version: '3.14.0', revision: 'aacccce0', time: '2018-08-02T20:19:58.91Z'
System info: host: 'MALLIKARJUNA-PC', ip: '172.17.144.1', os.name: 'Windows 10', os.arch: 'amd64', os.version: '10.0', java.version: '16.0.2'
Driver info: org.openqa.selenium.chrome.ChromeDriver
Capabilities {acceptInsecureCerts: false, browserName: chrome, browserVersion: 97.0.4692.99, chrome: {chromedriverVersion: 97.0.4692.71 (adefa7837d02a..., userDataDir: C:\Users\dgmarjun\AppData\L...}, goog:chromeOptions: {debuggerAddress: localhost:59642}, javascriptEnabled: true, networkConnectionEnabled: false, pageLoadStrategy: normal, platform: WINDOWS, platformName: WINDOWS, proxy: Proxy(), setWindowRect: true, strictFileInteractability: false, timeouts: {implicit: 0, pageLoad: 300000, script: 30000}, unhandledPromptBehavior: dismiss and notify, webauthn:extension:credBlob: true, webauthn:extension:largeBlob: true, webauthn:virtualAuthenticators: true}
Session ID: 7ac43e8cecc25a0dd9329e0f80fb9ae2]]>
            </message>
            <full-stacktrace>
              <![CDATA[org.openqa.selenium.ElementClickInterceptedException: element click intercepted: Element <span _ngcontent-vxe-c237="">...</span> is not clickable at point (1331, 260). Other element would receive the click: <button _ngcontent-vxe-c237="" mat-button="" mattooltip="Deactivate Requirement" class="mat-focus-indicator mat-button mat-button-base ng-star-inserted" aria-describedby="cdk-describedby-message-3" cdk-describedby-host="">...</button>
  (Session info: chrome=97.0.4692.99)
Build info: version: '3.14.0', revision: 'aacccce0', time: '2018-08-02T20:19:58.91Z'
System info: host: 'MALLIKARJUNA-PC', ip: '172.17.144.1', os.name: 'Windows 10', os.arch: 'amd64', os.version: '10.0', java.version: '16.0.2'
Driver info: org.openqa.selenium.chrome.ChromeDriver
Capabilities {acceptInsecureCerts: false, browserName: chrome, browserVersion: 97.0.4692.99, chrome: {chromedriverVersion: 97.0.4692.71 (adefa7837d02a..., userDataDir: C:\Users\dgmarjun\AppData\L...}, goog:chromeOptions: {debuggerAddress: localhost:59642}, javascriptEnabled: true, networkConnectionEnabled: false, pageLoadStrategy: normal, platform: WINDOWS, platformName: WINDOWS, proxy: Proxy(), setWindowRect: true, strictFileInteractability: false, timeouts: {implicit: 0, pageLoad: 300000, script: 30000}, unhandledPromptBehavior: dismiss and notify, webauthn:extension:credBlob: true, webauthn:extension:largeBlob: true, webauthn:virtualAuthenticators: true}
Session ID: 7ac43e8cecc25a0dd9329e0f80fb9ae2
at java.base/jdk.internal.reflect.NativeConstructorAccessorImpl.newInstance0(Native Method)
at java.base/jdk.internal.reflect.NativeConstructorAccessorImpl.newInstance(NativeConstructorAccessorImpl.java:78)
at java.base/jdk.internal.reflect.DelegatingConstructorAccessorImpl.newInstance(DelegatingConstructorAccessorImpl.java:45)
at java.base/java.lang.reflect.Constructor.newInstanceWithCaller(Constructor.java:499)
at java.base/java.lang.reflect.Constructor.newInstance(Constructor.java:480)
at org.openqa.selenium.remote.http.W3CHttpResponseCodec.createException(W3CHttpResponseCodec.java:187)
at org.openqa.selenium.remote.http.W3CHttpResponseCodec.decode(W3CHttpResponseCodec.java:122)
at org.openqa.selenium.remote.http.W3CHttpResponseCodec.decode(W3CHttpResponseCodec.java:49)
at org.openqa.selenium.remote.HttpCommandExecutor.execute(HttpCommandExecutor.java:158)
at org.openqa.selenium.remote.service.DriverCommandExecutor.execute(DriverCommandExecutor.java:83)
at org.openqa.selenium.remote.RemoteWebDriver.execute(RemoteWebDriver.java:548)
at org.openqa.selenium.remote.RemoteWebElement.execute(RemoteWebElement.java:276)
at org.openqa.selenium.remote.RemoteWebElement.click(RemoteWebElement.java:83)
at java.base/jdk.internal.reflect.NativeMethodAccessorImpl.invoke0(Native Method)
at java.base/jdk.internal.reflect.NativeMethodAccessorImpl.invoke(NativeMethodAccessorImpl.java:78)
at java.base/jdk.internal.reflect.DelegatingMethodAccessorImpl.invoke(DelegatingMethodAccessorImpl.java:43)
at java.base/java.lang.reflect.Method.invoke(Method.java:567)
at org.openqa.selenium.support.pagefactory.internal.LocatingElementHandler.invoke(LocatingElementHandler.java:51)
at jdk.proxy2/jdk.proxy2.$Proxy12.click(Unknown Source)
at pages.TenantsPage.clickOnAddButtton(TenantsPage.java:55)
at xlByte.AddTenantTest.verifyTenantValidation(AddTenantTest.java:61)
at java.base/jdk.internal.reflect.NativeMethodAccessorImpl.invoke0(Native Method)
at java.base/jdk.internal.reflect.NativeMethodAccessorImpl.invoke(NativeMethodAccessorImpl.java:78)
at java.base/jdk.internal.reflect.DelegatingMethodAccessorImpl.invoke(DelegatingMethodAccessorImpl.java:43)
at java.base/java.lang.reflect.Method.invoke(Method.java:567)
at org.testng.internal.MethodInvocationHelper.invokeMethod(MethodInvocationHelper.java:133)
at org.testng.internal.TestInvoker.invokeMethod(TestInvoker.java:598)
at org.testng.internal.TestInvoker.invokeTestMethod(TestInvoker.java:173)
at org.testng.internal.MethodRunner.runInSequence(MethodRunner.java:46)
at org.testng.internal.TestInvoker$MethodInvocationAgent.invoke(TestInvoker.java:824)
at org.testng.internal.TestInvoker.invokeTestMethods(TestInvoker.java:146)
at org.testng.internal.TestMethodWorker.invokeTestMethods(TestMethodWorker.java:146)
at org.testng.internal.TestMethodWorker.run(TestMethodWorker.java:128)
at java.base/java.util.ArrayList.forEach(ArrayList.java:1511)
at org.testng.TestRunner.privateRun(TestRunner.java:794)
at org.testng.TestRunner.run(TestRunner.java:596)
at org.testng.SuiteRunner.runTest(SuiteRunner.java:377)
at org.testng.SuiteRunner.runSequentially(SuiteRunner.java:371)
at org.testng.SuiteRunner.privateRun(SuiteRunner.java:332)
at org.testng.SuiteRunner.run(SuiteRunner.java:276)
at org.testng.SuiteRunnerWorker.runSuite(SuiteRunnerWorker.java:53)
at org.testng.SuiteRunnerWorker.run(SuiteRunnerWorker.java:96)
at org.testng.TestNG.runSuitesSequentially(TestNG.java:1212)
at org.testng.TestNG.runSuitesLocally(TestNG.java:1134)
at org.testng.TestNG.runSuites(TestNG.java:1063)
at org.testng.TestNG.run(TestNG.java:1031)
at org.apache.maven.surefire.testng.TestNGExecutor.run(TestNGExecutor.java:284)
at org.apache.maven.surefire.testng.TestNGXmlTestSuite.execute(TestNGXmlTestSuite.java:75)
at org.apache.maven.surefire.testng.TestNGProvider.invoke(TestNGProvider.java:119)
at org.apache.maven.surefire.booter.ForkedBooter.runSuitesInProcess(ForkedBooter.java:428)
at org.apache.maven.surefire.booter.ForkedBooter.execute(ForkedBooter.java:162)
at org.apache.maven.surefire.booter.ForkedBooter.run(ForkedBooter.java:562)
at org.apache.maven.surefire.booter.ForkedBooter.main(ForkedBooter.java:548)
]]>
            </full-stacktrace>
          </exception> <!-- org.openqa.selenium.ElementClickInterceptedException -->
          <reporter-output>
          </reporter-output>
        </test-method> <!-- verifyTenantValidation -->
        <test-method is-config="true" signature="loadProperty()[pri:0, instance:xlByte.AddTenantTest@4816278d]" started-at="2022-02-07T17:03:20 IST" name="loadProperty" finished-at="2022-02-07T17:03:20 IST" duration-ms="1" status="PASS">
          <reporter-output>
          </reporter-output>
        </test-method> <!-- loadProperty -->
        <test-method signature="verifyTenant()[pri:2, instance:xlByte.AddTenantTest@4816278d]" started-at="2022-02-07T17:03:20 IST" name="verifyTenant" description="Verify Tenant" finished-at="2022-02-07T17:03:20 IST" duration-ms="147" status="PASS">
          <reporter-output>
          </reporter-output>
        </test-method> <!-- verifyTenant -->
        <test-method is-config="true" signature="loadProperty()[pri:0, instance:xlByte.AddTenantTest@4816278d]" started-at="2022-02-07T17:03:20 IST" name="loadProperty" finished-at="2022-02-07T17:03:20 IST" duration-ms="2" status="PASS">
          <reporter-output>
          </reporter-output>
        </test-method> <!-- loadProperty -->
        <test-method signature="deActivateTenant()[pri:3, instance:xlByte.AddTenantTest@4816278d]" started-at="2022-02-07T17:03:20 IST" name="deActivateTenant" description="Deactivate Tenant" finished-at="2022-02-07T17:03:22 IST" duration-ms="1015" status="PASS">
          <reporter-output>
          </reporter-output>
        </test-method> <!-- deActivateTenant -->
        <test-method is-config="true" signature="loadProperty()[pri:0, instance:xlByte.AddTenantTest@4816278d]" started-at="2022-02-07T17:03:22 IST" name="loadProperty" finished-at="2022-02-07T17:03:22 IST" duration-ms="3" status="PASS">
          <reporter-output>
          </reporter-output>
        </test-method> <!-- loadProperty -->
        <test-method signature="activateTenant()[pri:4, instance:xlByte.AddTenantTest@4816278d]" started-at="2022-02-07T17:03:22 IST" name="activateTenant" description="Activate Tenant" finished-at="2022-02-07T17:03:22 IST" duration-ms="315" status="PASS">
          <reporter-output>
          </reporter-output>
        </test-method> <!-- activateTenant -->
        <test-method is-config="true" signature="logOut()[pri:0, instance:xlByte.AddTenantTest@4816278d]" started-at="2022-02-07T17:03:22 IST" name="logOut" finished-at="2022-02-07T17:03:22 IST" duration-ms="372" status="PASS">
          <reporter-output>
          </reporter-output>
        </test-method> <!-- logOut -->
      </class> <!-- xlByte.AddTenantTest -->
    </test> <!-- Test -->
  </suite> <!-- Suite -->
</testng-results>
