<?xml version="1.0" encoding="UTF-8"?>
<testng-results ignored="2" total="9" passed="7" failed="0" skipped="0">
  <reporter-output>
  </reporter-output>
  <suite started-at="2022-02-06T17:02:15 IST" name="Suite" finished-at="2022-02-06T17:03:48 IST" duration-ms="93412">
    <groups>
    </groups>
    <test started-at="2022-02-06T17:02:15 IST" name="Test" finished-at="2022-02-06T17:03:48 IST" duration-ms="93412">
      <class name="xlByte.MailSettingToTenantTest">
        <test-method is-config="true" signature="launchDriver()[pri:0, instance:xlByte.MailSettingToTenantTest@36a5cabc]" started-at="2022-02-06T17:03:16 IST" name="launchDriver" finished-at="2022-02-06T17:03:23 IST" duration-ms="6621" status="PASS">
          <reporter-output>
          </reporter-output>
        </test-method> <!-- launchDriver -->
        <test-method is-config="true" signature="loadProperty()[pri:0, instance:xlByte.MailSettingToTenantTest@36a5cabc]" started-at="2022-02-06T17:03:23 IST" name="loadProperty" finished-at="2022-02-06T17:03:23 IST" duration-ms="13" status="PASS">
          <reporter-output>
          </reporter-output>
        </test-method> <!-- loadProperty -->
        <test-method signature="addMailSetttings()[pri:0, instance:xlByte.MailSettingToTenantTest@36a5cabc]" started-at="2022-02-06T17:03:23 IST" name="addMailSetttings" description="Add mail settings" finished-at="2022-02-06T17:03:48 IST" duration-ms="25389" status="PASS">
          <reporter-output>
          </reporter-output>
        </test-method> <!-- addMailSetttings -->
        <test-method is-config="true" signature="logOut()[pri:0, instance:xlByte.MailSettingToTenantTest@36a5cabc]" started-at="2022-02-06T17:03:48 IST" name="logOut" finished-at="2022-02-06T17:03:48 IST" duration-ms="378" status="PASS">
          <reporter-output>
          </reporter-output>
        </test-method> <!-- logOut -->
      </class> <!-- xlByte.MailSettingToTenantTest -->
      <class name="xlByte.SuperAdminLoginTest">
        <test-method is-config="true" signature="deleteFolder()[pri:0, instance:xlByte.SuperAdminLoginTest@69f1a286]" started-at="2022-02-06T17:02:15 IST" name="deleteFolder" finished-at="2022-02-06T17:02:15 IST" duration-ms="44" status="PASS">
          <reporter-output>
          </reporter-output>
        </test-method> <!-- deleteFolder -->
        <test-method is-config="true" signature="launchDriver()[pri:0, instance:xlByte.SuperAdminLoginTest@69f1a286]" started-at="2022-02-06T17:02:15 IST" name="launchDriver" finished-at="2022-02-06T17:02:26 IST" duration-ms="11295" status="PASS">
          <reporter-output>
          </reporter-output>
        </test-method> <!-- launchDriver -->
        <test-method is-config="true" signature="loadProperty()[pri:0, instance:xlByte.SuperAdminLoginTest@69f1a286]" started-at="2022-02-06T17:02:26 IST" name="loadProperty" finished-at="2022-02-06T17:02:26 IST" duration-ms="7" status="PASS">
          <reporter-output>
          </reporter-output>
        </test-method> <!-- loadProperty -->
        <test-method signature="testSuperAdminLogin()[pri:1, instance:xlByte.SuperAdminLoginTest@69f1a286]" started-at="2022-02-06T17:02:26 IST" name="testSuperAdminLogin" description="Verify Tenant" finished-at="2022-02-06T17:02:43 IST" duration-ms="16396" status="PASS">
          <reporter-output>
          </reporter-output>
        </test-method> <!-- testSuperAdminLogin -->
        <test-method is-config="true" signature="loadProperty()[pri:0, instance:xlByte.SuperAdminLoginTest@69f1a286]" started-at="2022-02-06T17:02:43 IST" name="loadProperty" finished-at="2022-02-06T17:02:43 IST" duration-ms="1" status="PASS">
          <reporter-output>
          </reporter-output>
        </test-method> <!-- loadProperty -->
        <test-method signature="clickOnLogout()[pri:2, instance:xlByte.SuperAdminLoginTest@69f1a286]" started-at="2022-02-06T17:02:43 IST" name="clickOnLogout" description="Log out" finished-at="2022-02-06T17:02:43 IST" duration-ms="62" status="PASS">
          <reporter-output>
          </reporter-output>
        </test-method> <!-- clickOnLogout -->
        <test-method is-config="true" signature="quitDriver()[pri:0, instance:xlByte.SuperAdminLoginTest@69f1a286]" started-at="2022-02-06T17:02:43 IST" name="quitDriver" finished-at="2022-02-06T17:02:43 IST" duration-ms="220" status="PASS">
          <reporter-output>
          </reporter-output>
        </test-method> <!-- quitDriver -->
      </class> <!-- xlByte.SuperAdminLoginTest -->
      <class name="xlByte.AddTenantTest">
        <test-method is-config="true" signature="launchDriver()[pri:0, instance:xlByte.AddTenantTest@73d983ea]" started-at="2022-02-06T17:02:43 IST" name="launchDriver" finished-at="2022-02-06T17:02:52 IST" duration-ms="8513" status="PASS">
          <reporter-output>
          </reporter-output>
        </test-method> <!-- launchDriver -->
        <test-method is-config="true" signature="loadProperty()[pri:0, instance:xlByte.AddTenantTest@73d983ea]" started-at="2022-02-06T17:02:52 IST" name="loadProperty" finished-at="2022-02-06T17:02:52 IST" duration-ms="11" status="PASS">
          <reporter-output>
          </reporter-output>
        </test-method> <!-- loadProperty -->
        <test-method signature="verifyTenantValidation()[pri:1, instance:xlByte.AddTenantTest@73d983ea]" started-at="2022-02-06T17:02:52 IST" name="verifyTenantValidation" description="verify tenat page field validation" finished-at="2022-02-06T17:03:14 IST" duration-ms="22352" status="PASS">
          <reporter-output>
          </reporter-output>
        </test-method> <!-- verifyTenantValidation -->
        <test-method is-config="true" signature="loadProperty()[pri:0, instance:xlByte.AddTenantTest@73d983ea]" started-at="2022-02-06T17:03:14 IST" name="loadProperty" finished-at="2022-02-06T17:03:14 IST" duration-ms="3" status="PASS">
          <reporter-output>
          </reporter-output>
        </test-method> <!-- loadProperty -->
        <test-method signature="verifyTenant()[pri:2, instance:xlByte.AddTenantTest@73d983ea]" started-at="2022-02-06T17:03:14 IST" name="verifyTenant" description="Verify Tenant" finished-at="2022-02-06T17:03:14 IST" duration-ms="323" status="PASS">
          <reporter-output>
          </reporter-output>
        </test-method> <!-- verifyTenant -->
        <test-method is-config="true" signature="loadProperty()[pri:0, instance:xlByte.AddTenantTest@73d983ea]" started-at="2022-02-06T17:03:14 IST" name="loadProperty" finished-at="2022-02-06T17:03:14 IST" duration-ms="4" status="PASS">
          <reporter-output>
          </reporter-output>
        </test-method> <!-- loadProperty -->
        <test-method signature="deActivateTenant()[pri:3, instance:xlByte.AddTenantTest@73d983ea]" started-at="2022-02-06T17:03:14 IST" name="deActivateTenant" description="Deactivate Tenant" finished-at="2022-02-06T17:03:15 IST" duration-ms="965" status="PASS">
          <reporter-output>
          </reporter-output>
        </test-method> <!-- deActivateTenant -->
        <test-method is-config="true" signature="loadProperty()[pri:0, instance:xlByte.AddTenantTest@73d983ea]" started-at="2022-02-06T17:03:15 IST" name="loadProperty" finished-at="2022-02-06T17:03:15 IST" duration-ms="5" status="PASS">
          <reporter-output>
          </reporter-output>
        </test-method> <!-- loadProperty -->
        <test-method signature="activateTenant()[pri:4, instance:xlByte.AddTenantTest@73d983ea]" started-at="2022-02-06T17:03:15 IST" name="activateTenant" description="Activate Tenant" finished-at="2022-02-06T17:03:16 IST" duration-ms="406" status="PASS">
          <reporter-output>
          </reporter-output>
        </test-method> <!-- activateTenant -->
        <test-method is-config="true" signature="logOut()[pri:0, instance:xlByte.AddTenantTest@73d983ea]" started-at="2022-02-06T17:03:16 IST" name="logOut" finished-at="2022-02-06T17:03:16 IST" duration-ms="353" status="PASS">
          <reporter-output>
          </reporter-output>
        </test-method> <!-- logOut -->
      </class> <!-- xlByte.AddTenantTest -->
    </test> <!-- Test -->
  </suite> <!-- Suite -->
</testng-results>
