<?xml version="1.0" encoding="UTF-8"?>
<testng-results ignored="0" total="1" passed="1" failed="0" skipped="0">
  <reporter-output>
  </reporter-output>
  <suite started-at="2022-01-23T12:53:04 IST" name="Default suite" finished-at="2022-01-23T12:53:55 IST" duration-ms="51430">
    <groups>
    </groups>
    <test started-at="2022-01-23T12:53:04 IST" name="Default test" finished-at="2022-01-23T12:53:55 IST" duration-ms="51430">
      <class name="mailcreation">
        <test-method signature="login()[pri:0, instance:mailcreation@6bedbc4d]" started-at="2022-01-23T12:53:04 IST" name="login" finished-at="2022-01-23T12:53:55 IST" duration-ms="51384" status="PASS">
          <reporter-output>
          </reporter-output>
        </test-method> <!-- login -->
      </class> <!-- mailcreation -->
    </test> <!-- Default test -->
  </suite> <!-- Default suite -->
</testng-results>
